#
# There is insufficient memory for the Java Runtime Environment to continue.
# Native memory allocation (malloc) failed to allocate 1048576 bytes for AllocateHeap
# Possible reasons:
#   The system is out of physical RAM or swap space
#   The process is running with CompressedOops enabled, and the Java Heap may be blocking the growth of the native heap
# Possible solutions:
#   Reduce memory load on the system
#   Increase physical memory or swap space
#   Check if swap backing store is full
#   Decrease Java heap size (-Xmx/-Xms)
#   Decrease number of Java threads
#   Decrease Java thread stack sizes (-Xss)
#   Set larger code cache with -XX:ReservedCodeCacheSize=
#   JVM is running with Unscaled Compressed Oops mode in which the Java heap is
#     placed in the first 4GB address space. The Java Heap base address is the
#     maximum limit for the native heap growth. Please use -XX:HeapBaseMinAddress
#     to set the Java Heap base and to place the Java Heap above 4GB virtual address.
# This output file may be truncated or incomplete.
#
#  Out of Memory Error (allocation.cpp:44), pid=21412, tid=10012
#
# JRE version:  (17.0.4+7) (build )
# Java VM: OpenJDK 64-Bit Server VM (17.0.4+7-b469.53, mixed mode, sharing, tiered, compressed oops, compressed class ptrs, g1 gc, windows-amd64)
# No core dump will be written. Minidumps are not enabled by default on client versions of Windows
#

---------------  S U M M A R Y ------------

Command Line: git4idea.http.GitAskPassApp Username for 'https://github.com': 

Host: Intel(R) Core(TM) i5-8265U CPU @ 1.60GHz, 8 cores, 15G,  Windows 11 , 64 bit Build 22621 (10.0.22621.608)
Time: Mon Oct 24 15:05:12 2022  Windows 11 , 64 bit Build 22621 (10.0.22621.608) elapsed time: 0.038490 seconds (0d 0h 0m 0s)

---------------  T H R E A D  ---------------

Current thread (0x000001f57f9548e0):  JavaThread "Unknown thread" [_thread_in_vm, id=10012, stack(0x00000073c3a00000,0x00000073c3b00000)]

Stack: [0x00000073c3a00000,0x00000073c3b00000]
Native frames: (J=compiled Java code, j=interpreted, Vv=VM code, C=native code)
V  [jvm.dll+0x68348a]
V  [jvm.dll+0x83faf4]
V  [jvm.dll+0x84129e]
V  [jvm.dll+0x841903]
V  [jvm.dll+0x2494a5]
V  [jvm.dll+0xa64cf]
V  [jvm.dll+0x2db094]
V  [jvm.dll+0x8112ac]
V  [jvm.dll+0x36e5d1]
V  [jvm.dll+0x7f06bc]
V  [jvm.dll+0x3f16ef]
V  [jvm.dll+0x3f3231]
C  [jli.dll+0x526b]
C  [ucrtbase.dll+0x29363]
C  [KERNEL32.DLL+0x1244d]
C  [ntdll.dll+0x5df78]


---------------  P R O C E S S  ---------------

Threads class SMR info:
_java_thread_list=0x00007ffb342d7f18, length=0, elements={
}

Java Threads: ( => current thread )

Other Threads:

=>0x000001f57f9548e0 (exited) JavaThread "Unknown thread" [_thread_in_vm, id=10012, stack(0x00000073c3a00000,0x00000073c3b00000)]

Threads with active compile tasks:

VM state: not at safepoint (not fully initialized)

VM Mutex/Monitor currently owned by a thread: None

Heap address: 0x0000000000000000, size: 0 MB, Compressed Oops mode: 32-bit

CDS archive(s) mapped at: [0x0000000000000000-0x0000000000000000-0x0000000000000000), size 0, SharedBaseAddress: 0x0000000800000000, ArchiveRelocationMode: 0.
Narrow klass base: 0x0000000000000000, Narrow klass shift: 0, Narrow klass range: 0x0

GC Precious Log:
<Empty>

GC Heap History (0 events):
No events

Deoptimization events (0 events):
No events

Classes unloaded (0 events):
No events

Classes redefined (0 events):
No events

Internal exceptions (0 events):
No events

VM Operations (0 events):
No events

Events (1 events):
Event: 0.029 Loaded shared library C:\Program Files\JetBrains\PyCharm Community Edition 2022.2.1\jbr\bin\java.dll


Dynamic libraries:
0x00007ff636b60000 - 0x00007ff636b6a000 	C:\Program Files\JetBrains\PyCharm Community Edition 2022.2.1\jbr\bin\java.exe
0x00007ffb993d0000 - 0x00007ffb995e4000 	C:\WINDOWS\SYSTEM32\ntdll.dll
0x00007ffb992b0000 - 0x00007ffb99372000 	C:\WINDOWS\System32\KERNEL32.DLL
0x00007ffb96c50000 - 0x00007ffb96fec000 	C:\WINDOWS\System32\KERNELBASE.dll
0x00007ffb96b00000 - 0x00007ffb96c11000 	C:\WINDOWS\System32\ucrtbase.dll
0x00007ffb668c0000 - 0x00007ffb668d7000 	C:\Program Files\JetBrains\PyCharm Community Edition 2022.2.1\jbr\bin\jli.dll
0x00007ffb99030000 - 0x00007ffb991da000 	C:\WINDOWS\System32\USER32.dll
0x00007ffb96c20000 - 0x00007ffb96c46000 	C:\WINDOWS\System32\win32u.dll
0x00007ffb972f0000 - 0x00007ffb97319000 	C:\WINDOWS\System32\GDI32.dll
0x00007ffb970b0000 - 0x00007ffb971c2000 	C:\WINDOWS\System32\gdi32full.dll
0x00007ffb801d0000 - 0x00007ffb8045e000 	C:\WINDOWS\WinSxS\amd64_microsoft.windows.common-controls_6595b64144ccf1df_6.0.22621.608_none_a9444ca7c10bb01d\COMCTL32.dll
0x00007ffb969f0000 - 0x00007ffb96a8a000 	C:\WINDOWS\System32\msvcp_win.dll
0x00007ffb97d60000 - 0x00007ffb97e07000 	C:\WINDOWS\System32\msvcrt.dll
0x00007ffb628d0000 - 0x00007ffb628eb000 	C:\Program Files\JetBrains\PyCharm Community Edition 2022.2.1\jbr\bin\VCRUNTIME140.dll
0x00007ffb983f0000 - 0x00007ffb98421000 	C:\WINDOWS\System32\IMM32.DLL
0x00007ffb88990000 - 0x00007ffb8899c000 	C:\Program Files\JetBrains\PyCharm Community Edition 2022.2.1\jbr\bin\vcruntime140_1.dll
0x00007ffb5cde0000 - 0x00007ffb5ce6d000 	C:\Program Files\JetBrains\PyCharm Community Edition 2022.2.1\jbr\bin\msvcp140.dll
0x00007ffb337a0000 - 0x00007ffb34409000 	C:\Program Files\JetBrains\PyCharm Community Edition 2022.2.1\jbr\bin\server\jvm.dll
0x00007ffb98640000 - 0x00007ffb986ee000 	C:\WINDOWS\System32\ADVAPI32.dll
0x00007ffb991e0000 - 0x00007ffb99284000 	C:\WINDOWS\System32\sechost.dll
0x00007ffb98430000 - 0x00007ffb98545000 	C:\WINDOWS\System32\RPCRT4.dll
0x00007ffb987f0000 - 0x00007ffb987f8000 	C:\WINDOWS\System32\PSAPI.DLL
0x00007ffb8a550000 - 0x00007ffb8a55a000 	C:\WINDOWS\SYSTEM32\VERSION.dll
0x00007ffb7b870000 - 0x00007ffb7b879000 	C:\WINDOWS\SYSTEM32\WSOCK32.dll
0x00007ffb98820000 - 0x00007ffb98891000 	C:\WINDOWS\System32\WS2_32.dll
0x00007ffb91020000 - 0x00007ffb91054000 	C:\WINDOWS\SYSTEM32\WINMM.dll
0x00007ffb95840000 - 0x00007ffb95858000 	C:\WINDOWS\SYSTEM32\kernel.appcore.dll
0x00007ffb87480000 - 0x00007ffb8748a000 	C:\Program Files\JetBrains\PyCharm Community Edition 2022.2.1\jbr\bin\jimage.dll
0x00007ffb91610000 - 0x00007ffb9183e000 	C:\WINDOWS\SYSTEM32\DBGHELP.DLL
0x00007ffb988a0000 - 0x00007ffb98c29000 	C:\WINDOWS\System32\combase.dll
0x00007ffb98c80000 - 0x00007ffb98d57000 	C:\WINDOWS\System32\OLEAUT32.dll
0x00007ffb8a620000 - 0x00007ffb8a652000 	C:\WINDOWS\SYSTEM32\dbgcore.DLL
0x00007ffb96800000 - 0x00007ffb9687b000 	C:\WINDOWS\System32\bcryptPrimitives.dll
0x00007ffb87450000 - 0x00007ffb87475000 	C:\Program Files\JetBrains\PyCharm Community Edition 2022.2.1\jbr\bin\java.dll

dbghelp: loaded successfully - version: 4.0.5 - missing functions: none
symbol engine: initialized successfully - sym options: 0x614 - pdb path: .;C:\Program Files\JetBrains\PyCharm Community Edition 2022.2.1\jbr\bin;C:\WINDOWS\SYSTEM32;C:\WINDOWS\WinSxS\amd64_microsoft.windows.common-controls_6595b64144ccf1df_6.0.22621.608_none_a9444ca7c10bb01d;C:\Program Files\JetBrains\PyCharm Community Edition 2022.2.1\jbr\bin\server

VM Arguments:
java_command: git4idea.http.GitAskPassApp Username for 'https://github.com': 
java_class_path (initial): C:/Program Files/JetBrains/PyCharm Community Edition 2022.2.1/plugins/git4idea/lib/git4idea-rt.jar;C:/Program Files/JetBrains/PyCharm Community Edition 2022.2.1/lib/externalProcess-rt.jar;C:/Program Files/JetBrains/PyCharm Community Edition 2022.2.1/lib/app.jar;C:/Program Files/JetBrains/PyCharm Community Edition 2022.2.1/lib/3rd-party-rt.jar
Launcher Type: SUN_STANDARD

[Global flags]
     intx CICompilerCount                          = 4                                         {product} {ergonomic}
     uint ConcGCThreads                            = 2                                         {product} {ergonomic}
     uint G1ConcRefinementThreads                  = 8                                         {product} {ergonomic}
   size_t G1HeapRegionSize                         = 2097152                                   {product} {ergonomic}
    uintx GCDrainStackTargetSize                   = 64                                        {product} {ergonomic}
   size_t InitialHeapSize                          = 266338304                                 {product} {ergonomic}
   size_t MarkStackSize                            = 4194304                                   {product} {ergonomic}
   size_t MaxHeapSize                              = 4229955584                                {product} {ergonomic}
   size_t MinHeapDeltaBytes                        = 2097152                                   {product} {ergonomic}
   size_t MinHeapSize                              = 8388608                                   {product} {ergonomic}
    uintx NonNMethodCodeHeapSize                   = 5839372                                {pd product} {ergonomic}
    uintx NonProfiledCodeHeapSize                  = 122909434                              {pd product} {ergonomic}
    uintx ProfiledCodeHeapSize                     = 122909434                              {pd product} {ergonomic}
    uintx ReservedCodeCacheSize                    = 251658240                              {pd product} {ergonomic}
     bool SegmentedCodeCache                       = true                                      {product} {ergonomic}
   size_t SoftMaxHeapSize                          = 4229955584                             {manageable} {ergonomic}
     bool UseCompressedClassPointers               = true                           {product lp64_product} {ergonomic}
     bool UseCompressedOops                        = true                           {product lp64_product} {ergonomic}
     bool UseG1GC                                  = true                                      {product} {ergonomic}
     bool UseLargePagesIndividualAllocation        = false                                  {pd product} {ergonomic}

Logging:
Log output configuration:
 #0: stdout all=warning uptime,level,tags
 #1: stderr all=off uptime,level,tags

Environment Variables:
JAVA_HOME=D:\AutoTest\jre8\bin
CLASSPATH=D:\AutoTest\jre8\bin\lib\tools.jar;D:\AutoTest\jre8\bin\lib\dt.jar
PATH=C:\Program Files\Git\mingw64\libexec\git-core;C:\Program Files\Git\mingw64\libexec\git-core;C:\Program Files\Git\mingw64\bin;C:\Program Files\Git\usr\bin;C:\Users\luoxiaobo\bin;C:\Program Files (x86)\NetSarang\Xftp 6;C:\Program Files (x86)\NetSarang\Xshell 6;D:\AutoTest\jre8\bin;C:\Program Files (x86)\VMware\VMware Workstation\bin;C:\Program Files\Common Files\Oracle\Java\javapath;C:\Program Files (x86)\Common Files\Oracle\Java\javapath;C:\WINDOWS\system32;C:\WINDOWS;C:\WINDOWS\System32\Wbem;C:\WINDOWS\System32\WindowsPowerShell\v1.0;C:\WINDOWS\System32\OpenSSH;C:\Users\luoxiaobo\AppData\Local\Programs\Python\Python39;D:\AutoTest\adb.exe;D:\AutoTest;D:\AutoTest\SDK\platform-tool;D:\AutoTest\SDK\tools";D:\AutoTest\allure\allure-2.17.3\bin;C:\Program Files\Amazon\AWSCLIV2;C:\Program Files\Amazon\AWSCLIV2;C:\Users\luoxiaobo\AppData\Local\Programs\Appium\Appium.exe;C:\Program Files\nodejs;D:\mysql-8.0.28-winx64\bin;C:\Program Files\Google\Chrome\Application;C:\Program Files\usbipd-win;C:\Users\luoxiaobo\AppData\Local\Programs\Python\Python310\Scripts;C:\Users\luoxiaobo\AppData\Local\Programs\Python\Python310;C:\Users\luoxiaobo\AppData\Local\Programs\Python\Python39\Scripts;C:\Users\luoxiaobo\AppData\Local\Programs\Python\Python39;C:\Users\luoxiaobo\AppData\Local\Microsoft\WindowsApps;C:\Program Files\JetBrains\PyCharm 2022.2\bin;C:\Users\luoxiaobo\AppData\Roaming\npm;C:\Program Files\JetBrains\PyCharm Community Edition 2022.2.1\bin
USERNAME=luoxiaobo
DISPLAY=:0.0
LC_ALL=en_US.UTF-8
TERM=cygwin
TMPDIR=C:\Users\LUOXIA~1\AppData\Local\Temp
OS=Windows_NT
PROCESSOR_IDENTIFIER=Intel64 Family 6 Model 142 Stepping 12, GenuineIntel
TMP=C:\Users\LUOXIA~1\AppData\Local\Temp
TEMP=C:\Users\LUOXIA~1\AppData\Local\Temp



---------------  S Y S T E M  ---------------

OS:
 Windows 11 , 64 bit Build 22621 (10.0.22621.608)
OS uptime: 11 days 10:52 hours
Hyper-V role detected

CPU: total 8 (initial active 8) (4 cores per cpu, 2 threads per core) family 6 model 142 stepping 12 microcode 0xea, cx8, cmov, fxsr, ht, mmx, 3dnowpref, sse, sse2, sse3, ssse3, sse4.1, sse4.2, popcnt, lzcnt, tsc, tscinvbit, avx, avx2, aes, erms, clmul, bmi1, bmi2, adx, fma, vzeroupper, clflush, clflushopt, hv

Memory: 4k page, system-wide physical 16131M (1104M free)
TotalPageFile size 31378M (AvailPageFile size 5M)
current process WorkingSet (physical memory assigned to process): 10M, peak: 10M
current process commit charge ("private bytes"): 11M, peak: 12M

vm_info: OpenJDK 64-Bit Server VM (17.0.4+7-b469.53) for windows-amd64 JRE (17.0.4+7-b469.53), built on 2022-08-29 by "builduser" with MS VC++ 16.10 / 16.11 (VS2019)

END.
